2025-09-29T11:03:24.682Z [error]: TypeError: Cannot set property query of #<IncomingMessage> which has only a getter
    at /home/pankaj/Krikal projects/tech-Care-backend-server/node_modules/express-mongo-sanitize/index.js:113:18
    at Array.forEach (<anonymous>)
    at /home/pankaj/Krikal projects/tech-Care-backend-server/node_modules/express-mongo-sanitize/index.js:110:44
    at Layer.handleRequest (/home/pankaj/Krikal projects/tech-Care-backend-server/node_modules/router/lib/layer.js:152:17)
    at trimPrefix (/home/pankaj/Krikal projects/tech-Care-backend-server/node_modules/router/index.js:342:13)
    at /home/pankaj/Krikal projects/tech-Care-backend-server/node_modules/router/index.js:297:9
    at processParams (/home/pankaj/Krikal projects/tech-Care-backend-server/node_modules/router/index.js:582:12)
    at next (/home/pankaj/Krikal projects/tech-Care-backend-server/node_modules/router/index.js:291:5)
    at urlencodedParser (/home/pankaj/Krikal projects/tech-Care-backend-server/node_modules/body-parser/lib/types/urlencoded.js:68:7)
    at Layer.handleRequest (/home/pankaj/Krikal projects/tech-Care-backend-server/node_modules/router/lib/layer.js:152:17)
2025-09-29T11:04:01.098Z [error]: TypeError: Cannot set property query of #<IncomingMessage> which has only a getter
    at /home/pankaj/Krikal projects/tech-Care-backend-server/node_modules/express-mongo-sanitize/index.js:113:18
    at Array.forEach (<anonymous>)
    at /home/pankaj/Krikal projects/tech-Care-backend-server/node_modules/express-mongo-sanitize/index.js:110:44
    at Layer.handleRequest (/home/pankaj/Krikal projects/tech-Care-backend-server/node_modules/router/lib/layer.js:152:17)
    at trimPrefix (/home/pankaj/Krikal projects/tech-Care-backend-server/node_modules/router/index.js:342:13)
    at /home/pankaj/Krikal projects/tech-Care-backend-server/node_modules/router/index.js:297:9
    at processParams (/home/pankaj/Krikal projects/tech-Care-backend-server/node_modules/router/index.js:582:12)
    at next (/home/pankaj/Krikal projects/tech-Care-backend-server/node_modules/router/index.js:291:5)
    at urlencodedParser (/home/pankaj/Krikal projects/tech-Care-backend-server/node_modules/body-parser/lib/types/urlencoded.js:68:7)
    at Layer.handleRequest (/home/pankaj/Krikal projects/tech-Care-backend-server/node_modules/router/lib/layer.js:152:17)
2025-09-29T11:04:01.423Z [error]: TypeError: Cannot set property query of #<IncomingMessage> which has only a getter
    at /home/pankaj/Krikal projects/tech-Care-backend-server/node_modules/express-mongo-sanitize/index.js:113:18
    at Array.forEach (<anonymous>)
    at /home/pankaj/Krikal projects/tech-Care-backend-server/node_modules/express-mongo-sanitize/index.js:110:44
    at Layer.handleRequest (/home/pankaj/Krikal projects/tech-Care-backend-server/node_modules/router/lib/layer.js:152:17)
    at trimPrefix (/home/pankaj/Krikal projects/tech-Care-backend-server/node_modules/router/index.js:342:13)
    at /home/pankaj/Krikal projects/tech-Care-backend-server/node_modules/router/index.js:297:9
    at processParams (/home/pankaj/Krikal projects/tech-Care-backend-server/node_modules/router/index.js:582:12)
    at next (/home/pankaj/Krikal projects/tech-Care-backend-server/node_modules/router/index.js:291:5)
    at urlencodedParser (/home/pankaj/Krikal projects/tech-Care-backend-server/node_modules/body-parser/lib/types/urlencoded.js:68:7)
    at Layer.handleRequest (/home/pankaj/Krikal projects/tech-Care-backend-server/node_modules/router/lib/layer.js:152:17)
2025-09-29T11:06:30.483Z [error]: TypeError: Cannot set property query of #<IncomingMessage> which has only a getter
    at /home/pankaj/Krikal projects/tech-Care-backend-server/node_modules/express-mongo-sanitize/index.js:113:18
    at Array.forEach (<anonymous>)
    at /home/pankaj/Krikal projects/tech-Care-backend-server/node_modules/express-mongo-sanitize/index.js:110:44
    at Layer.handleRequest (/home/pankaj/Krikal projects/tech-Care-backend-server/node_modules/router/lib/layer.js:152:17)
    at trimPrefix (/home/pankaj/Krikal projects/tech-Care-backend-server/node_modules/router/index.js:342:13)
    at /home/pankaj/Krikal projects/tech-Care-backend-server/node_modules/router/index.js:297:9
    at processParams (/home/pankaj/Krikal projects/tech-Care-backend-server/node_modules/router/index.js:582:12)
    at next (/home/pankaj/Krikal projects/tech-Care-backend-server/node_modules/router/index.js:291:5)
    at urlencodedParser (/home/pankaj/Krikal projects/tech-Care-backend-server/node_modules/body-parser/lib/types/urlencoded.js:68:7)
    at Layer.handleRequest (/home/pankaj/Krikal projects/tech-Care-backend-server/node_modules/router/lib/layer.js:152:17)
2025-09-29T11:06:30.595Z [error]: TypeError: Cannot set property query of #<IncomingMessage> which has only a getter
    at /home/pankaj/Krikal projects/tech-Care-backend-server/node_modules/express-mongo-sanitize/index.js:113:18
    at Array.forEach (<anonymous>)
    at /home/pankaj/Krikal projects/tech-Care-backend-server/node_modules/express-mongo-sanitize/index.js:110:44
    at Layer.handleRequest (/home/pankaj/Krikal projects/tech-Care-backend-server/node_modules/router/lib/layer.js:152:17)
    at trimPrefix (/home/pankaj/Krikal projects/tech-Care-backend-server/node_modules/router/index.js:342:13)
    at /home/pankaj/Krikal projects/tech-Care-backend-server/node_modules/router/index.js:297:9
    at processParams (/home/pankaj/Krikal projects/tech-Care-backend-server/node_modules/router/index.js:582:12)
    at next (/home/pankaj/Krikal projects/tech-Care-backend-server/node_modules/router/index.js:291:5)
    at urlencodedParser (/home/pankaj/Krikal projects/tech-Care-backend-server/node_modules/body-parser/lib/types/urlencoded.js:68:7)
    at Layer.handleRequest (/home/pankaj/Krikal projects/tech-Care-backend-server/node_modules/router/lib/layer.js:152:17)
2025-09-29T11:06:36.180Z [error]: TypeError: Cannot set property query of #<IncomingMessage> which has only a getter
    at /home/pankaj/Krikal projects/tech-Care-backend-server/node_modules/express-mongo-sanitize/index.js:113:18
    at Array.forEach (<anonymous>)
    at /home/pankaj/Krikal projects/tech-Care-backend-server/node_modules/express-mongo-sanitize/index.js:110:44
    at Layer.handleRequest (/home/pankaj/Krikal projects/tech-Care-backend-server/node_modules/router/lib/layer.js:152:17)
    at trimPrefix (/home/pankaj/Krikal projects/tech-Care-backend-server/node_modules/router/index.js:342:13)
    at /home/pankaj/Krikal projects/tech-Care-backend-server/node_modules/router/index.js:297:9
    at processParams (/home/pankaj/Krikal projects/tech-Care-backend-server/node_modules/router/index.js:582:12)
    at next (/home/pankaj/Krikal projects/tech-Care-backend-server/node_modules/router/index.js:291:5)
    at urlencodedParser (/home/pankaj/Krikal projects/tech-Care-backend-server/node_modules/body-parser/lib/types/urlencoded.js:68:7)
    at Layer.handleRequest (/home/pankaj/Krikal projects/tech-Care-backend-server/node_modules/router/lib/layer.js:152:17)
2025-09-29T11:06:47.756Z [error]: TypeError: Cannot set property query of #<IncomingMessage> which has only a getter
    at /home/pankaj/Krikal projects/tech-Care-backend-server/node_modules/express-mongo-sanitize/index.js:113:18
    at Array.forEach (<anonymous>)
    at /home/pankaj/Krikal projects/tech-Care-backend-server/node_modules/express-mongo-sanitize/index.js:110:44
    at Layer.handleRequest (/home/pankaj/Krikal projects/tech-Care-backend-server/node_modules/router/lib/layer.js:152:17)
    at trimPrefix (/home/pankaj/Krikal projects/tech-Care-backend-server/node_modules/router/index.js:342:13)
    at /home/pankaj/Krikal projects/tech-Care-backend-server/node_modules/router/index.js:297:9
    at processParams (/home/pankaj/Krikal projects/tech-Care-backend-server/node_modules/router/index.js:582:12)
    at next (/home/pankaj/Krikal projects/tech-Care-backend-server/node_modules/router/index.js:291:5)
    at urlencodedParser (/home/pankaj/Krikal projects/tech-Care-backend-server/node_modules/body-parser/lib/types/urlencoded.js:68:7)
    at Layer.handleRequest (/home/pankaj/Krikal projects/tech-Care-backend-server/node_modules/router/lib/layer.js:152:17)
2025-09-29T11:09:19.226Z [error]: TypeError: Cannot set property query of #<IncomingMessage> which has only a getter
    at /home/pankaj/Krikal projects/tech-Care-backend-server/node_modules/express-mongo-sanitize/index.js:113:18
    at Array.forEach (<anonymous>)
    at /home/pankaj/Krikal projects/tech-Care-backend-server/node_modules/express-mongo-sanitize/index.js:110:44
    at Layer.handleRequest (/home/pankaj/Krikal projects/tech-Care-backend-server/node_modules/router/lib/layer.js:152:17)
    at trimPrefix (/home/pankaj/Krikal projects/tech-Care-backend-server/node_modules/router/index.js:342:13)
    at /home/pankaj/Krikal projects/tech-Care-backend-server/node_modules/router/index.js:297:9
    at processParams (/home/pankaj/Krikal projects/tech-Care-backend-server/node_modules/router/index.js:582:12)
    at next (/home/pankaj/Krikal projects/tech-Care-backend-server/node_modules/router/index.js:291:5)
    at urlencodedParser (/home/pankaj/Krikal projects/tech-Care-backend-server/node_modules/body-parser/lib/types/urlencoded.js:77:7)
    at Layer.handleRequest (/home/pankaj/Krikal projects/tech-Care-backend-server/node_modules/router/lib/layer.js:152:17)
2025-09-29T11:09:37.661Z [error]: TypeError: Cannot set property query of #<IncomingMessage> which has only a getter
    at /home/pankaj/Krikal projects/tech-Care-backend-server/node_modules/express-mongo-sanitize/index.js:113:18
    at Array.forEach (<anonymous>)
    at /home/pankaj/Krikal projects/tech-Care-backend-server/node_modules/express-mongo-sanitize/index.js:110:44
    at Layer.handleRequest (/home/pankaj/Krikal projects/tech-Care-backend-server/node_modules/router/lib/layer.js:152:17)
    at trimPrefix (/home/pankaj/Krikal projects/tech-Care-backend-server/node_modules/router/index.js:342:13)
    at /home/pankaj/Krikal projects/tech-Care-backend-server/node_modules/router/index.js:297:9
    at processParams (/home/pankaj/Krikal projects/tech-Care-backend-server/node_modules/router/index.js:582:12)
    at next (/home/pankaj/Krikal projects/tech-Care-backend-server/node_modules/router/index.js:291:5)
    at urlencodedParser (/home/pankaj/Krikal projects/tech-Care-backend-server/node_modules/body-parser/lib/types/urlencoded.js:77:7)
    at Layer.handleRequest (/home/pankaj/Krikal projects/tech-Care-backend-server/node_modules/router/lib/layer.js:152:17)
2025-09-29T11:09:40.787Z [error]: TypeError: Cannot set property query of #<IncomingMessage> which has only a getter
    at /home/pankaj/Krikal projects/tech-Care-backend-server/node_modules/express-mongo-sanitize/index.js:113:18
    at Array.forEach (<anonymous>)
    at /home/pankaj/Krikal projects/tech-Care-backend-server/node_modules/express-mongo-sanitize/index.js:110:44
    at Layer.handleRequest (/home/pankaj/Krikal projects/tech-Care-backend-server/node_modules/router/lib/layer.js:152:17)
    at trimPrefix (/home/pankaj/Krikal projects/tech-Care-backend-server/node_modules/router/index.js:342:13)
    at /home/pankaj/Krikal projects/tech-Care-backend-server/node_modules/router/index.js:297:9
    at processParams (/home/pankaj/Krikal projects/tech-Care-backend-server/node_modules/router/index.js:582:12)
    at next (/home/pankaj/Krikal projects/tech-Care-backend-server/node_modules/router/index.js:291:5)
    at urlencodedParser (/home/pankaj/Krikal projects/tech-Care-backend-server/node_modules/body-parser/lib/types/urlencoded.js:68:7)
    at Layer.handleRequest (/home/pankaj/Krikal projects/tech-Care-backend-server/node_modules/router/lib/layer.js:152:17)
2025-09-29T11:11:10.643Z [error]: TypeError: Cannot set property query of #<IncomingMessage> which has only a getter
    at /home/pankaj/Krikal projects/tech-Care-backend-server/node_modules/express-mongo-sanitize/index.js:113:18
    at Array.forEach (<anonymous>)
    at /home/pankaj/Krikal projects/tech-Care-backend-server/node_modules/express-mongo-sanitize/index.js:110:44
    at Layer.handleRequest (/home/pankaj/Krikal projects/tech-Care-backend-server/node_modules/router/lib/layer.js:152:17)
    at trimPrefix (/home/pankaj/Krikal projects/tech-Care-backend-server/node_modules/router/index.js:342:13)
    at /home/pankaj/Krikal projects/tech-Care-backend-server/node_modules/router/index.js:297:9
    at processParams (/home/pankaj/Krikal projects/tech-Care-backend-server/node_modules/router/index.js:582:12)
    at next (/home/pankaj/Krikal projects/tech-Care-backend-server/node_modules/router/index.js:291:5)
    at urlencodedParser (/home/pankaj/Krikal projects/tech-Care-backend-server/node_modules/body-parser/lib/types/urlencoded.js:68:7)
    at Layer.handleRequest (/home/pankaj/Krikal projects/tech-Care-backend-server/node_modules/router/lib/layer.js:152:17)
2025-09-29T11:11:19.178Z [error]: TypeError: Cannot set property query of #<IncomingMessage> which has only a getter
    at /home/pankaj/Krikal projects/tech-Care-backend-server/node_modules/express-mongo-sanitize/index.js:113:18
    at Array.forEach (<anonymous>)
    at /home/pankaj/Krikal projects/tech-Care-backend-server/node_modules/express-mongo-sanitize/index.js:110:44
    at Layer.handleRequest (/home/pankaj/Krikal projects/tech-Care-backend-server/node_modules/router/lib/layer.js:152:17)
    at trimPrefix (/home/pankaj/Krikal projects/tech-Care-backend-server/node_modules/router/index.js:342:13)
    at /home/pankaj/Krikal projects/tech-Care-backend-server/node_modules/router/index.js:297:9
    at processParams (/home/pankaj/Krikal projects/tech-Care-backend-server/node_modules/router/index.js:582:12)
    at next (/home/pankaj/Krikal projects/tech-Care-backend-server/node_modules/router/index.js:291:5)
    at urlencodedParser (/home/pankaj/Krikal projects/tech-Care-backend-server/node_modules/body-parser/lib/types/urlencoded.js:68:7)
    at Layer.handleRequest (/home/pankaj/Krikal projects/tech-Care-backend-server/node_modules/router/lib/layer.js:152:17)
2025-09-29T11:12:16.878Z [error]: TypeError: Cannot set property query of #<IncomingMessage> which has only a getter
    at /home/pankaj/Krikal projects/tech-Care-backend-server/node_modules/express-mongo-sanitize/index.js:113:18
    at Array.forEach (<anonymous>)
    at /home/pankaj/Krikal projects/tech-Care-backend-server/node_modules/express-mongo-sanitize/index.js:110:44
    at Layer.handleRequest (/home/pankaj/Krikal projects/tech-Care-backend-server/node_modules/router/lib/layer.js:152:17)
    at trimPrefix (/home/pankaj/Krikal projects/tech-Care-backend-server/node_modules/router/index.js:342:13)
    at /home/pankaj/Krikal projects/tech-Care-backend-server/node_modules/router/index.js:297:9
    at processParams (/home/pankaj/Krikal projects/tech-Care-backend-server/node_modules/router/index.js:582:12)
    at next (/home/pankaj/Krikal projects/tech-Care-backend-server/node_modules/router/index.js:291:5)
    at urlencodedParser (/home/pankaj/Krikal projects/tech-Care-backend-server/node_modules/body-parser/lib/types/urlencoded.js:68:7)
    at Layer.handleRequest (/home/pankaj/Krikal projects/tech-Care-backend-server/node_modules/router/lib/layer.js:152:17)
2025-09-29T11:20:10.012Z [error]: TypeError: Cannot set property query of #<IncomingMessage> which has only a getter
    at /home/pankaj/Krikal projects/tech-Care-backend-server/node_modules/express-mongo-sanitize/index.js:113:18
    at Array.forEach (<anonymous>)
    at /home/pankaj/Krikal projects/tech-Care-backend-server/node_modules/express-mongo-sanitize/index.js:110:44
    at Layer.handleRequest (/home/pankaj/Krikal projects/tech-Care-backend-server/node_modules/router/lib/layer.js:152:17)
    at trimPrefix (/home/pankaj/Krikal projects/tech-Care-backend-server/node_modules/router/index.js:342:13)
    at /home/pankaj/Krikal projects/tech-Care-backend-server/node_modules/router/index.js:297:9
    at processParams (/home/pankaj/Krikal projects/tech-Care-backend-server/node_modules/router/index.js:582:12)
    at next (/home/pankaj/Krikal projects/tech-Care-backend-server/node_modules/router/index.js:291:5)
    at urlencodedParser (/home/pankaj/Krikal projects/tech-Care-backend-server/node_modules/body-parser/lib/types/urlencoded.js:68:7)
    at Layer.handleRequest (/home/pankaj/Krikal projects/tech-Care-backend-server/node_modules/router/lib/layer.js:152:17)
2025-09-29T11:20:56.129Z [error]: TypeError: Cannot set property query of #<IncomingMessage> which has only a getter
    at /home/pankaj/Krikal projects/tech-Care-backend-server/node_modules/express-mongo-sanitize/index.js:113:18
    at Array.forEach (<anonymous>)
    at /home/pankaj/Krikal projects/tech-Care-backend-server/node_modules/express-mongo-sanitize/index.js:110:44
    at Layer.handleRequest (/home/pankaj/Krikal projects/tech-Care-backend-server/node_modules/router/lib/layer.js:152:17)
    at trimPrefix (/home/pankaj/Krikal projects/tech-Care-backend-server/node_modules/router/index.js:342:13)
    at /home/pankaj/Krikal projects/tech-Care-backend-server/node_modules/router/index.js:297:9
    at processParams (/home/pankaj/Krikal projects/tech-Care-backend-server/node_modules/router/index.js:582:12)
    at next (/home/pankaj/Krikal projects/tech-Care-backend-server/node_modules/router/index.js:291:5)
    at urlencodedParser (/home/pankaj/Krikal projects/tech-Care-backend-server/node_modules/body-parser/lib/types/urlencoded.js:68:7)
    at Layer.handleRequest (/home/pankaj/Krikal projects/tech-Care-backend-server/node_modules/router/lib/layer.js:152:17)
2025-09-29T11:21:14.667Z [error]: TypeError: Cannot set property query of #<IncomingMessage> which has only a getter
    at /home/pankaj/Krikal projects/tech-Care-backend-server/node_modules/express-mongo-sanitize/index.js:113:18
    at Array.forEach (<anonymous>)
    at /home/pankaj/Krikal projects/tech-Care-backend-server/node_modules/express-mongo-sanitize/index.js:110:44
    at Layer.handleRequest (/home/pankaj/Krikal projects/tech-Care-backend-server/node_modules/router/lib/layer.js:152:17)
    at trimPrefix (/home/pankaj/Krikal projects/tech-Care-backend-server/node_modules/router/index.js:342:13)
    at /home/pankaj/Krikal projects/tech-Care-backend-server/node_modules/router/index.js:297:9
    at processParams (/home/pankaj/Krikal projects/tech-Care-backend-server/node_modules/router/index.js:582:12)
    at next (/home/pankaj/Krikal projects/tech-Care-backend-server/node_modules/router/index.js:291:5)
    at urlencodedParser (/home/pankaj/Krikal projects/tech-Care-backend-server/node_modules/body-parser/lib/types/urlencoded.js:68:7)
    at Layer.handleRequest (/home/pankaj/Krikal projects/tech-Care-backend-server/node_modules/router/lib/layer.js:152:17)
2025-09-29T11:22:17.300Z [error]: TypeError: Cannot set property query of #<IncomingMessage> which has only a getter
    at /home/pankaj/Krikal projects/tech-Care-backend-server/node_modules/express-mongo-sanitize/index.js:113:18
    at Array.forEach (<anonymous>)
    at /home/pankaj/Krikal projects/tech-Care-backend-server/node_modules/express-mongo-sanitize/index.js:110:44
    at Layer.handleRequest (/home/pankaj/Krikal projects/tech-Care-backend-server/node_modules/router/lib/layer.js:152:17)
    at trimPrefix (/home/pankaj/Krikal projects/tech-Care-backend-server/node_modules/router/index.js:342:13)
    at /home/pankaj/Krikal projects/tech-Care-backend-server/node_modules/router/index.js:297:9
    at processParams (/home/pankaj/Krikal projects/tech-Care-backend-server/node_modules/router/index.js:582:12)
    at next (/home/pankaj/Krikal projects/tech-Care-backend-server/node_modules/router/index.js:291:5)
    at urlencodedParser (/home/pankaj/Krikal projects/tech-Care-backend-server/node_modules/body-parser/lib/types/urlencoded.js:68:7)
    at Layer.handleRequest (/home/pankaj/Krikal projects/tech-Care-backend-server/node_modules/router/lib/layer.js:152:17)
2025-09-29T11:22:46.140Z [error]: TypeError: Cannot set property query of #<IncomingMessage> which has only a getter
    at /home/pankaj/Krikal projects/tech-Care-backend-server/node_modules/express-mongo-sanitize/index.js:113:18
    at Array.forEach (<anonymous>)
    at /home/pankaj/Krikal projects/tech-Care-backend-server/node_modules/express-mongo-sanitize/index.js:110:44
    at Layer.handleRequest (/home/pankaj/Krikal projects/tech-Care-backend-server/node_modules/router/lib/layer.js:152:17)
    at trimPrefix (/home/pankaj/Krikal projects/tech-Care-backend-server/node_modules/router/index.js:342:13)
    at /home/pankaj/Krikal projects/tech-Care-backend-server/node_modules/router/index.js:297:9
    at processParams (/home/pankaj/Krikal projects/tech-Care-backend-server/node_modules/router/index.js:582:12)
    at next (/home/pankaj/Krikal projects/tech-Care-backend-server/node_modules/router/index.js:291:5)
    at urlencodedParser (/home/pankaj/Krikal projects/tech-Care-backend-server/node_modules/body-parser/lib/types/urlencoded.js:68:7)
    at Layer.handleRequest (/home/pankaj/Krikal projects/tech-Care-backend-server/node_modules/router/lib/layer.js:152:17)
2025-09-29T11:24:13.499Z [error]: TypeError: Cannot set property query of #<IncomingMessage> which has only a getter
    at /home/pankaj/Krikal projects/tech-Care-backend-server/node_modules/express-mongo-sanitize/index.js:113:18
    at Array.forEach (<anonymous>)
    at /home/pankaj/Krikal projects/tech-Care-backend-server/node_modules/express-mongo-sanitize/index.js:110:44
    at Layer.handleRequest (/home/pankaj/Krikal projects/tech-Care-backend-server/node_modules/router/lib/layer.js:152:17)
    at trimPrefix (/home/pankaj/Krikal projects/tech-Care-backend-server/node_modules/router/index.js:342:13)
    at /home/pankaj/Krikal projects/tech-Care-backend-server/node_modules/router/index.js:297:9
    at processParams (/home/pankaj/Krikal projects/tech-Care-backend-server/node_modules/router/index.js:582:12)
    at next (/home/pankaj/Krikal projects/tech-Care-backend-server/node_modules/router/index.js:291:5)
    at urlencodedParser (/home/pankaj/Krikal projects/tech-Care-backend-server/node_modules/body-parser/lib/types/urlencoded.js:68:7)
    at Layer.handleRequest (/home/pankaj/Krikal projects/tech-Care-backend-server/node_modules/router/lib/layer.js:152:17)
2025-09-29T11:30:32.102Z [error]: TypeError: Cannot set property query of #<IncomingMessage> which has only a getter
    at /home/pankaj/Krikal projects/tech-Care-backend-server/node_modules/express-mongo-sanitize/index.js:113:18
    at Array.forEach (<anonymous>)
    at /home/pankaj/Krikal projects/tech-Care-backend-server/node_modules/express-mongo-sanitize/index.js:110:44
    at Layer.handleRequest (/home/pankaj/Krikal projects/tech-Care-backend-server/node_modules/router/lib/layer.js:152:17)
    at trimPrefix (/home/pankaj/Krikal projects/tech-Care-backend-server/node_modules/router/index.js:342:13)
    at /home/pankaj/Krikal projects/tech-Care-backend-server/node_modules/router/index.js:297:9
    at processParams (/home/pankaj/Krikal projects/tech-Care-backend-server/node_modules/router/index.js:582:12)
    at next (/home/pankaj/Krikal projects/tech-Care-backend-server/node_modules/router/index.js:291:5)
    at urlencodedParser (/home/pankaj/Krikal projects/tech-Care-backend-server/node_modules/body-parser/lib/types/urlencoded.js:68:7)
    at Layer.handleRequest (/home/pankaj/Krikal projects/tech-Care-backend-server/node_modules/router/lib/layer.js:152:17)
2025-09-29T11:31:50.923Z [error]: TypeError: Cannot set property query of #<IncomingMessage> which has only a getter
    at /home/pankaj/Krikal projects/tech-Care-backend-server/node_modules/express-mongo-sanitize/index.js:113:18
    at Array.forEach (<anonymous>)
    at /home/pankaj/Krikal projects/tech-Care-backend-server/node_modules/express-mongo-sanitize/index.js:110:44
    at Layer.handleRequest (/home/pankaj/Krikal projects/tech-Care-backend-server/node_modules/router/lib/layer.js:152:17)
    at trimPrefix (/home/pankaj/Krikal projects/tech-Care-backend-server/node_modules/router/index.js:342:13)
    at /home/pankaj/Krikal projects/tech-Care-backend-server/node_modules/router/index.js:297:9
    at processParams (/home/pankaj/Krikal projects/tech-Care-backend-server/node_modules/router/index.js:582:12)
    at next (/home/pankaj/Krikal projects/tech-Care-backend-server/node_modules/router/index.js:291:5)
    at urlencodedParser (/home/pankaj/Krikal projects/tech-Care-backend-server/node_modules/body-parser/lib/types/urlencoded.js:68:7)
    at Layer.handleRequest (/home/pankaj/Krikal projects/tech-Care-backend-server/node_modules/router/lib/layer.js:152:17)
2025-09-29T11:33:55.177Z [error]: TypeError: Cannot set property query of #<IncomingMessage> which has only a getter
    at /home/pankaj/Krikal projects/tech-Care-backend-server/node_modules/express-mongo-sanitize/index.js:113:18
    at Array.forEach (<anonymous>)
    at /home/pankaj/Krikal projects/tech-Care-backend-server/node_modules/express-mongo-sanitize/index.js:110:44
    at Layer.handleRequest (/home/pankaj/Krikal projects/tech-Care-backend-server/node_modules/router/lib/layer.js:152:17)
    at trimPrefix (/home/pankaj/Krikal projects/tech-Care-backend-server/node_modules/router/index.js:342:13)
    at /home/pankaj/Krikal projects/tech-Care-backend-server/node_modules/router/index.js:297:9
    at processParams (/home/pankaj/Krikal projects/tech-Care-backend-server/node_modules/router/index.js:582:12)
    at next (/home/pankaj/Krikal projects/tech-Care-backend-server/node_modules/router/index.js:291:5)
    at urlencodedParser (/home/pankaj/Krikal projects/tech-Care-backend-server/node_modules/body-parser/lib/types/urlencoded.js:68:7)
    at Layer.handleRequest (/home/pankaj/Krikal projects/tech-Care-backend-server/node_modules/router/lib/layer.js:152:17)
2025-09-29T11:36:15.749Z [error]: TypeError: Cannot set property query of #<IncomingMessage> which has only a getter
    at /home/pankaj/Krikal projects/tech-Care-backend-server/node_modules/express-mongo-sanitize/index.js:113:18
    at Array.forEach (<anonymous>)
    at /home/pankaj/Krikal projects/tech-Care-backend-server/node_modules/express-mongo-sanitize/index.js:110:44
    at Layer.handleRequest (/home/pankaj/Krikal projects/tech-Care-backend-server/node_modules/router/lib/layer.js:152:17)
    at trimPrefix (/home/pankaj/Krikal projects/tech-Care-backend-server/node_modules/router/index.js:342:13)
    at /home/pankaj/Krikal projects/tech-Care-backend-server/node_modules/router/index.js:297:9
    at processParams (/home/pankaj/Krikal projects/tech-Care-backend-server/node_modules/router/index.js:582:12)
    at next (/home/pankaj/Krikal projects/tech-Care-backend-server/node_modules/router/index.js:291:5)
    at urlencodedParser (/home/pankaj/Krikal projects/tech-Care-backend-server/node_modules/body-parser/lib/types/urlencoded.js:68:7)
    at Layer.handleRequest (/home/pankaj/Krikal projects/tech-Care-backend-server/node_modules/router/lib/layer.js:152:17)
2025-09-29T11:36:25.671Z [error]: TypeError: Cannot set property query of #<IncomingMessage> which has only a getter
    at /home/pankaj/Krikal projects/tech-Care-backend-server/node_modules/express-mongo-sanitize/index.js:113:18
    at Array.forEach (<anonymous>)
    at /home/pankaj/Krikal projects/tech-Care-backend-server/node_modules/express-mongo-sanitize/index.js:110:44
    at Layer.handleRequest (/home/pankaj/Krikal projects/tech-Care-backend-server/node_modules/router/lib/layer.js:152:17)
    at trimPrefix (/home/pankaj/Krikal projects/tech-Care-backend-server/node_modules/router/index.js:342:13)
    at /home/pankaj/Krikal projects/tech-Care-backend-server/node_modules/router/index.js:297:9
    at processParams (/home/pankaj/Krikal projects/tech-Care-backend-server/node_modules/router/index.js:582:12)
    at next (/home/pankaj/Krikal projects/tech-Care-backend-server/node_modules/router/index.js:291:5)
    at urlencodedParser (/home/pankaj/Krikal projects/tech-Care-backend-server/node_modules/body-parser/lib/types/urlencoded.js:68:7)
    at Layer.handleRequest (/home/pankaj/Krikal projects/tech-Care-backend-server/node_modules/router/lib/layer.js:152:17)
2025-09-29T11:36:25.937Z [error]: TypeError: Cannot set property query of #<IncomingMessage> which has only a getter
    at /home/pankaj/Krikal projects/tech-Care-backend-server/node_modules/express-mongo-sanitize/index.js:113:18
    at Array.forEach (<anonymous>)
    at /home/pankaj/Krikal projects/tech-Care-backend-server/node_modules/express-mongo-sanitize/index.js:110:44
    at Layer.handleRequest (/home/pankaj/Krikal projects/tech-Care-backend-server/node_modules/router/lib/layer.js:152:17)
    at trimPrefix (/home/pankaj/Krikal projects/tech-Care-backend-server/node_modules/router/index.js:342:13)
    at /home/pankaj/Krikal projects/tech-Care-backend-server/node_modules/router/index.js:297:9
    at processParams (/home/pankaj/Krikal projects/tech-Care-backend-server/node_modules/router/index.js:582:12)
    at next (/home/pankaj/Krikal projects/tech-Care-backend-server/node_modules/router/index.js:291:5)
    at urlencodedParser (/home/pankaj/Krikal projects/tech-Care-backend-server/node_modules/body-parser/lib/types/urlencoded.js:68:7)
    at Layer.handleRequest (/home/pankaj/Krikal projects/tech-Care-backend-server/node_modules/router/lib/layer.js:152:17)
2025-09-29T12:09:12.620Z [error]: TypeError: Cannot set property query of #<IncomingMessage> which has only a getter
    at /home/pankaj/Krikal projects/tech-Care-backend-server/node_modules/express-mongo-sanitize/index.js:113:18
    at Array.forEach (<anonymous>)
    at /home/pankaj/Krikal projects/tech-Care-backend-server/node_modules/express-mongo-sanitize/index.js:110:44
    at Layer.handleRequest (/home/pankaj/Krikal projects/tech-Care-backend-server/node_modules/router/lib/layer.js:152:17)
    at trimPrefix (/home/pankaj/Krikal projects/tech-Care-backend-server/node_modules/router/index.js:342:13)
    at /home/pankaj/Krikal projects/tech-Care-backend-server/node_modules/router/index.js:297:9
    at processParams (/home/pankaj/Krikal projects/tech-Care-backend-server/node_modules/router/index.js:582:12)
    at next (/home/pankaj/Krikal projects/tech-Care-backend-server/node_modules/router/index.js:291:5)
    at urlencodedParser (/home/pankaj/Krikal projects/tech-Care-backend-server/node_modules/body-parser/lib/types/urlencoded.js:68:7)
    at Layer.handleRequest (/home/pankaj/Krikal projects/tech-Care-backend-server/node_modules/router/lib/layer.js:152:17)
2025-09-29T12:09:40.791Z [error]: TypeError: Cannot set property query of #<IncomingMessage> which has only a getter
    at /home/pankaj/Krikal projects/tech-Care-backend-server/node_modules/express-mongo-sanitize/index.js:113:18
    at Array.forEach (<anonymous>)
    at /home/pankaj/Krikal projects/tech-Care-backend-server/node_modules/express-mongo-sanitize/index.js:110:44
    at Layer.handleRequest (/home/pankaj/Krikal projects/tech-Care-backend-server/node_modules/router/lib/layer.js:152:17)
    at trimPrefix (/home/pankaj/Krikal projects/tech-Care-backend-server/node_modules/router/index.js:342:13)
    at /home/pankaj/Krikal projects/tech-Care-backend-server/node_modules/router/index.js:297:9
    at processParams (/home/pankaj/Krikal projects/tech-Care-backend-server/node_modules/router/index.js:582:12)
    at next (/home/pankaj/Krikal projects/tech-Care-backend-server/node_modules/router/index.js:291:5)
    at urlencodedParser (/home/pankaj/Krikal projects/tech-Care-backend-server/node_modules/body-parser/lib/types/urlencoded.js:68:7)
    at Layer.handleRequest (/home/pankaj/Krikal projects/tech-Care-backend-server/node_modules/router/lib/layer.js:152:17)
2025-09-29T12:09:59.906Z [error]: TypeError: Cannot set property query of #<IncomingMessage> which has only a getter
    at /home/pankaj/Krikal projects/tech-Care-backend-server/node_modules/express-mongo-sanitize/index.js:113:18
    at Array.forEach (<anonymous>)
    at /home/pankaj/Krikal projects/tech-Care-backend-server/node_modules/express-mongo-sanitize/index.js:110:44
    at Layer.handleRequest (/home/pankaj/Krikal projects/tech-Care-backend-server/node_modules/router/lib/layer.js:152:17)
    at trimPrefix (/home/pankaj/Krikal projects/tech-Care-backend-server/node_modules/router/index.js:342:13)
    at /home/pankaj/Krikal projects/tech-Care-backend-server/node_modules/router/index.js:297:9
    at processParams (/home/pankaj/Krikal projects/tech-Care-backend-server/node_modules/router/index.js:582:12)
    at next (/home/pankaj/Krikal projects/tech-Care-backend-server/node_modules/router/index.js:291:5)
    at urlencodedParser (/home/pankaj/Krikal projects/tech-Care-backend-server/node_modules/body-parser/lib/types/urlencoded.js:68:7)
    at Layer.handleRequest (/home/pankaj/Krikal projects/tech-Care-backend-server/node_modules/router/lib/layer.js:152:17)
2025-09-29T12:10:09.155Z [error]: TypeError: Cannot set property query of #<IncomingMessage> which has only a getter
    at /home/pankaj/Krikal projects/tech-Care-backend-server/node_modules/express-mongo-sanitize/index.js:113:18
    at Array.forEach (<anonymous>)
    at /home/pankaj/Krikal projects/tech-Care-backend-server/node_modules/express-mongo-sanitize/index.js:110:44
    at Layer.handleRequest (/home/pankaj/Krikal projects/tech-Care-backend-server/node_modules/router/lib/layer.js:152:17)
    at trimPrefix (/home/pankaj/Krikal projects/tech-Care-backend-server/node_modules/router/index.js:342:13)
    at /home/pankaj/Krikal projects/tech-Care-backend-server/node_modules/router/index.js:297:9
    at processParams (/home/pankaj/Krikal projects/tech-Care-backend-server/node_modules/router/index.js:582:12)
    at next (/home/pankaj/Krikal projects/tech-Care-backend-server/node_modules/router/index.js:291:5)
    at urlencodedParser (/home/pankaj/Krikal projects/tech-Care-backend-server/node_modules/body-parser/lib/types/urlencoded.js:68:7)
    at Layer.handleRequest (/home/pankaj/Krikal projects/tech-Care-backend-server/node_modules/router/lib/layer.js:152:17)
2025-09-29T12:10:22.484Z [error]: TypeError: Cannot set property query of #<IncomingMessage> which has only a getter
    at /home/pankaj/Krikal projects/tech-Care-backend-server/node_modules/express-mongo-sanitize/index.js:113:18
    at Array.forEach (<anonymous>)
    at /home/pankaj/Krikal projects/tech-Care-backend-server/node_modules/express-mongo-sanitize/index.js:110:44
    at Layer.handleRequest (/home/pankaj/Krikal projects/tech-Care-backend-server/node_modules/router/lib/layer.js:152:17)
    at trimPrefix (/home/pankaj/Krikal projects/tech-Care-backend-server/node_modules/router/index.js:342:13)
    at /home/pankaj/Krikal projects/tech-Care-backend-server/node_modules/router/index.js:297:9
    at processParams (/home/pankaj/Krikal projects/tech-Care-backend-server/node_modules/router/index.js:582:12)
    at next (/home/pankaj/Krikal projects/tech-Care-backend-server/node_modules/router/index.js:291:5)
    at urlencodedParser (/home/pankaj/Krikal projects/tech-Care-backend-server/node_modules/body-parser/lib/types/urlencoded.js:68:7)
    at Layer.handleRequest (/home/pankaj/Krikal projects/tech-Care-backend-server/node_modules/router/lib/layer.js:152:17)
2025-09-29T12:10:34.148Z [error]: TypeError: Cannot set property query of #<IncomingMessage> which has only a getter
    at /home/pankaj/Krikal projects/tech-Care-backend-server/node_modules/express-mongo-sanitize/index.js:113:18
    at Array.forEach (<anonymous>)
    at /home/pankaj/Krikal projects/tech-Care-backend-server/node_modules/express-mongo-sanitize/index.js:110:44
    at Layer.handleRequest (/home/pankaj/Krikal projects/tech-Care-backend-server/node_modules/router/lib/layer.js:152:17)
    at trimPrefix (/home/pankaj/Krikal projects/tech-Care-backend-server/node_modules/router/index.js:342:13)
    at /home/pankaj/Krikal projects/tech-Care-backend-server/node_modules/router/index.js:297:9
    at processParams (/home/pankaj/Krikal projects/tech-Care-backend-server/node_modules/router/index.js:582:12)
    at next (/home/pankaj/Krikal projects/tech-Care-backend-server/node_modules/router/index.js:291:5)
    at urlencodedParser (/home/pankaj/Krikal projects/tech-Care-backend-server/node_modules/body-parser/lib/types/urlencoded.js:68:7)
    at Layer.handleRequest (/home/pankaj/Krikal projects/tech-Care-backend-server/node_modules/router/lib/layer.js:152:17)
2025-09-29T12:10:47.324Z [error]: TypeError: Cannot set property query of #<IncomingMessage> which has only a getter
    at /home/pankaj/Krikal projects/tech-Care-backend-server/node_modules/express-mongo-sanitize/index.js:113:18
    at Array.forEach (<anonymous>)
    at /home/pankaj/Krikal projects/tech-Care-backend-server/node_modules/express-mongo-sanitize/index.js:110:44
    at Layer.handleRequest (/home/pankaj/Krikal projects/tech-Care-backend-server/node_modules/router/lib/layer.js:152:17)
    at trimPrefix (/home/pankaj/Krikal projects/tech-Care-backend-server/node_modules/router/index.js:342:13)
    at /home/pankaj/Krikal projects/tech-Care-backend-server/node_modules/router/index.js:297:9
    at processParams (/home/pankaj/Krikal projects/tech-Care-backend-server/node_modules/router/index.js:582:12)
    at next (/home/pankaj/Krikal projects/tech-Care-backend-server/node_modules/router/index.js:291:5)
    at urlencodedParser (/home/pankaj/Krikal projects/tech-Care-backend-server/node_modules/body-parser/lib/types/urlencoded.js:68:7)
    at Layer.handleRequest (/home/pankaj/Krikal projects/tech-Care-backend-server/node_modules/router/lib/layer.js:152:17)
2025-09-29T12:11:18.695Z [error]: TypeError: Cannot set property query of #<IncomingMessage> which has only a getter
    at /home/pankaj/Krikal projects/tech-Care-backend-server/node_modules/express-mongo-sanitize/index.js:113:18
    at Array.forEach (<anonymous>)
    at /home/pankaj/Krikal projects/tech-Care-backend-server/node_modules/express-mongo-sanitize/index.js:110:44
    at Layer.handleRequest (/home/pankaj/Krikal projects/tech-Care-backend-server/node_modules/router/lib/layer.js:152:17)
    at trimPrefix (/home/pankaj/Krikal projects/tech-Care-backend-server/node_modules/router/index.js:342:13)
    at /home/pankaj/Krikal projects/tech-Care-backend-server/node_modules/router/index.js:297:9
    at processParams (/home/pankaj/Krikal projects/tech-Care-backend-server/node_modules/router/index.js:582:12)
    at next (/home/pankaj/Krikal projects/tech-Care-backend-server/node_modules/router/index.js:291:5)
    at urlencodedParser (/home/pankaj/Krikal projects/tech-Care-backend-server/node_modules/body-parser/lib/types/urlencoded.js:68:7)
    at Layer.handleRequest (/home/pankaj/Krikal projects/tech-Care-backend-server/node_modules/router/lib/layer.js:152:17)
2025-09-29T12:11:30.636Z [error]: TypeError: Cannot set property query of #<IncomingMessage> which has only a getter
    at /home/pankaj/Krikal projects/tech-Care-backend-server/node_modules/express-mongo-sanitize/index.js:113:18
    at Array.forEach (<anonymous>)
    at /home/pankaj/Krikal projects/tech-Care-backend-server/node_modules/express-mongo-sanitize/index.js:110:44
    at Layer.handleRequest (/home/pankaj/Krikal projects/tech-Care-backend-server/node_modules/router/lib/layer.js:152:17)
    at trimPrefix (/home/pankaj/Krikal projects/tech-Care-backend-server/node_modules/router/index.js:342:13)
    at /home/pankaj/Krikal projects/tech-Care-backend-server/node_modules/router/index.js:297:9
    at processParams (/home/pankaj/Krikal projects/tech-Care-backend-server/node_modules/router/index.js:582:12)
    at next (/home/pankaj/Krikal projects/tech-Care-backend-server/node_modules/router/index.js:291:5)
    at urlencodedParser (/home/pankaj/Krikal projects/tech-Care-backend-server/node_modules/body-parser/lib/types/urlencoded.js:68:7)
    at Layer.handleRequest (/home/pankaj/Krikal projects/tech-Care-backend-server/node_modules/router/lib/layer.js:152:17)
2025-10-14T06:11:05.854Z [error]: Error: Failed to authenticate token, Invalid token
    at /home/pankaj/Krikal projects/take-care-server/src/services/verifyToken.service.ts:42:23
    at /home/pankaj/Krikal projects/take-care-server/node_modules/jsonwebtoken/verify.js:171:14
    at getSecret (/home/pankaj/Krikal projects/take-care-server/node_modules/jsonwebtoken/verify.js:97:14)
    at Object.module.exports [as verify] (/home/pankaj/Krikal projects/take-care-server/node_modules/jsonwebtoken/verify.js:101:10)
    at verifyTokenHandler (/home/pankaj/Krikal projects/take-care-server/src/services/verifyToken.service.ts:40:9)
    at Layer.handleRequest (/home/pankaj/Krikal projects/take-care-server/node_modules/router/lib/layer.js:152:17)
    at next (/home/pankaj/Krikal projects/take-care-server/node_modules/router/lib/route.js:157:13)
    at Route.dispatch (/home/pankaj/Krikal projects/take-care-server/node_modules/router/lib/route.js:117:3)
    at handle (/home/pankaj/Krikal projects/take-care-server/node_modules/router/index.js:435:11)
    at Layer.handleRequest (/home/pankaj/Krikal projects/take-care-server/node_modules/router/lib/layer.js:152:17)
2025-10-14T06:11:35.227Z [error]: Error: Failed to authenticate token, Invalid token
    at /home/pankaj/Krikal projects/take-care-server/src/services/verifyToken.service.ts:42:23
    at Object.module.exports [as verify] (/home/pankaj/Krikal projects/take-care-server/node_modules/jsonwebtoken/verify.js:60:12)
    at verifyTokenHandler (/home/pankaj/Krikal projects/take-care-server/src/services/verifyToken.service.ts:40:9)
    at Layer.handleRequest (/home/pankaj/Krikal projects/take-care-server/node_modules/router/lib/layer.js:152:17)
    at next (/home/pankaj/Krikal projects/take-care-server/node_modules/router/lib/route.js:157:13)
    at Route.dispatch (/home/pankaj/Krikal projects/take-care-server/node_modules/router/lib/route.js:117:3)
    at handle (/home/pankaj/Krikal projects/take-care-server/node_modules/router/index.js:435:11)
    at Layer.handleRequest (/home/pankaj/Krikal projects/take-care-server/node_modules/router/lib/layer.js:152:17)
    at /home/pankaj/Krikal projects/take-care-server/node_modules/router/index.js:295:15
    at processParams (/home/pankaj/Krikal projects/take-care-server/node_modules/router/index.js:582:12)
2025-10-14T06:12:11.768Z [error]: Error: Failed to authenticate token, Invalid token
    at /home/pankaj/Krikal projects/take-care-server/src/services/verifyToken.service.ts:42:23
    at /home/pankaj/Krikal projects/take-care-server/node_modules/jsonwebtoken/verify.js:171:14
    at getSecret (/home/pankaj/Krikal projects/take-care-server/node_modules/jsonwebtoken/verify.js:97:14)
    at Object.module.exports [as verify] (/home/pankaj/Krikal projects/take-care-server/node_modules/jsonwebtoken/verify.js:101:10)
    at verifyTokenHandler (/home/pankaj/Krikal projects/take-care-server/src/services/verifyToken.service.ts:40:9)
    at Layer.handleRequest (/home/pankaj/Krikal projects/take-care-server/node_modules/router/lib/layer.js:152:17)
    at next (/home/pankaj/Krikal projects/take-care-server/node_modules/router/lib/route.js:157:13)
    at Route.dispatch (/home/pankaj/Krikal projects/take-care-server/node_modules/router/lib/route.js:117:3)
    at handle (/home/pankaj/Krikal projects/take-care-server/node_modules/router/index.js:435:11)
    at Layer.handleRequest (/home/pankaj/Krikal projects/take-care-server/node_modules/router/lib/layer.js:152:17)
2025-10-14T06:12:38.311Z [error]: Error: Failed to authenticate token, Invalid token
    at /home/pankaj/Krikal projects/take-care-server/src/services/verifyToken.service.ts:42:23
    at /home/pankaj/Krikal projects/take-care-server/node_modules/jsonwebtoken/verify.js:171:14
    at getSecret (/home/pankaj/Krikal projects/take-care-server/node_modules/jsonwebtoken/verify.js:97:14)
    at Object.module.exports [as verify] (/home/pankaj/Krikal projects/take-care-server/node_modules/jsonwebtoken/verify.js:101:10)
    at verifyTokenHandler (/home/pankaj/Krikal projects/take-care-server/src/services/verifyToken.service.ts:40:9)
    at Layer.handleRequest (/home/pankaj/Krikal projects/take-care-server/node_modules/router/lib/layer.js:152:17)
    at next (/home/pankaj/Krikal projects/take-care-server/node_modules/router/lib/route.js:157:13)
    at Route.dispatch (/home/pankaj/Krikal projects/take-care-server/node_modules/router/lib/route.js:117:3)
    at handle (/home/pankaj/Krikal projects/take-care-server/node_modules/router/index.js:435:11)
    at Layer.handleRequest (/home/pankaj/Krikal projects/take-care-server/node_modules/router/lib/layer.js:152:17)
2025-10-14T06:12:44.896Z [error]: Error: Failed to authenticate token, Invalid token
    at /home/pankaj/Krikal projects/take-care-server/src/services/verifyToken.service.ts:42:23
    at /home/pankaj/Krikal projects/take-care-server/node_modules/jsonwebtoken/verify.js:171:14
    at getSecret (/home/pankaj/Krikal projects/take-care-server/node_modules/jsonwebtoken/verify.js:97:14)
    at Object.module.exports [as verify] (/home/pankaj/Krikal projects/take-care-server/node_modules/jsonwebtoken/verify.js:101:10)
    at verifyTokenHandler (/home/pankaj/Krikal projects/take-care-server/src/services/verifyToken.service.ts:40:9)
    at Layer.handleRequest (/home/pankaj/Krikal projects/take-care-server/node_modules/router/lib/layer.js:152:17)
    at next (/home/pankaj/Krikal projects/take-care-server/node_modules/router/lib/route.js:157:13)
    at Route.dispatch (/home/pankaj/Krikal projects/take-care-server/node_modules/router/lib/route.js:117:3)
    at handle (/home/pankaj/Krikal projects/take-care-server/node_modules/router/index.js:435:11)
    at Layer.handleRequest (/home/pankaj/Krikal projects/take-care-server/node_modules/router/lib/layer.js:152:17)
2025-10-14T06:13:05.745Z [error]: Error: Failed to authenticate token, Invalid token
    at /home/pankaj/Krikal projects/take-care-server/src/services/verifyToken.service.ts:42:23
    at /home/pankaj/Krikal projects/take-care-server/node_modules/jsonwebtoken/verify.js:171:14
    at getSecret (/home/pankaj/Krikal projects/take-care-server/node_modules/jsonwebtoken/verify.js:97:14)
    at Object.module.exports [as verify] (/home/pankaj/Krikal projects/take-care-server/node_modules/jsonwebtoken/verify.js:101:10)
    at verifyTokenHandler (/home/pankaj/Krikal projects/take-care-server/src/services/verifyToken.service.ts:40:9)
    at Layer.handleRequest (/home/pankaj/Krikal projects/take-care-server/node_modules/router/lib/layer.js:152:17)
    at next (/home/pankaj/Krikal projects/take-care-server/node_modules/router/lib/route.js:157:13)
    at Route.dispatch (/home/pankaj/Krikal projects/take-care-server/node_modules/router/lib/route.js:117:3)
    at handle (/home/pankaj/Krikal projects/take-care-server/node_modules/router/index.js:435:11)
    at Layer.handleRequest (/home/pankaj/Krikal projects/take-care-server/node_modules/router/lib/layer.js:152:17)
2025-10-14T06:16:10.879Z [error]: Error: Failed to authenticate token, Invalid token
    at /home/pankaj/Krikal projects/take-care-server/src/services/verifyToken.service.ts:42:23
    at /home/pankaj/Krikal projects/take-care-server/node_modules/jsonwebtoken/verify.js:171:14
    at getSecret (/home/pankaj/Krikal projects/take-care-server/node_modules/jsonwebtoken/verify.js:97:14)
    at Object.module.exports [as verify] (/home/pankaj/Krikal projects/take-care-server/node_modules/jsonwebtoken/verify.js:101:10)
    at verifyTokenHandler (/home/pankaj/Krikal projects/take-care-server/src/services/verifyToken.service.ts:40:9)
    at Layer.handleRequest (/home/pankaj/Krikal projects/take-care-server/node_modules/router/lib/layer.js:152:17)
    at next (/home/pankaj/Krikal projects/take-care-server/node_modules/router/lib/route.js:157:13)
    at Route.dispatch (/home/pankaj/Krikal projects/take-care-server/node_modules/router/lib/route.js:117:3)
    at handle (/home/pankaj/Krikal projects/take-care-server/node_modules/router/index.js:435:11)
    at Layer.handleRequest (/home/pankaj/Krikal projects/take-care-server/node_modules/router/lib/layer.js:152:17)
2025-10-14T06:16:26.861Z [error]: Error: Failed to authenticate token, Invalid token
    at /home/pankaj/Krikal projects/take-care-server/src/services/verifyToken.service.ts:42:23
    at /home/pankaj/Krikal projects/take-care-server/node_modules/jsonwebtoken/verify.js:171:14
    at getSecret (/home/pankaj/Krikal projects/take-care-server/node_modules/jsonwebtoken/verify.js:97:14)
    at Object.module.exports [as verify] (/home/pankaj/Krikal projects/take-care-server/node_modules/jsonwebtoken/verify.js:101:10)
    at verifyTokenHandler (/home/pankaj/Krikal projects/take-care-server/src/services/verifyToken.service.ts:40:9)
    at Layer.handleRequest (/home/pankaj/Krikal projects/take-care-server/node_modules/router/lib/layer.js:152:17)
    at next (/home/pankaj/Krikal projects/take-care-server/node_modules/router/lib/route.js:157:13)
    at Route.dispatch (/home/pankaj/Krikal projects/take-care-server/node_modules/router/lib/route.js:117:3)
    at handle (/home/pankaj/Krikal projects/take-care-server/node_modules/router/index.js:435:11)
    at Layer.handleRequest (/home/pankaj/Krikal projects/take-care-server/node_modules/router/lib/layer.js:152:17)
2025-10-14T06:17:05.481Z [error]: Error: Failed to authenticate token, Invalid token
    at /home/pankaj/Krikal projects/take-care-server/src/services/verifyToken.service.ts:42:23
    at /home/pankaj/Krikal projects/take-care-server/node_modules/jsonwebtoken/verify.js:171:14
    at getSecret (/home/pankaj/Krikal projects/take-care-server/node_modules/jsonwebtoken/verify.js:97:14)
    at Object.module.exports [as verify] (/home/pankaj/Krikal projects/take-care-server/node_modules/jsonwebtoken/verify.js:101:10)
    at verifyTokenHandler (/home/pankaj/Krikal projects/take-care-server/src/services/verifyToken.service.ts:40:9)
    at Layer.handleRequest (/home/pankaj/Krikal projects/take-care-server/node_modules/router/lib/layer.js:152:17)
    at next (/home/pankaj/Krikal projects/take-care-server/node_modules/router/lib/route.js:157:13)
    at Route.dispatch (/home/pankaj/Krikal projects/take-care-server/node_modules/router/lib/route.js:117:3)
    at handle (/home/pankaj/Krikal projects/take-care-server/node_modules/router/index.js:435:11)
    at Layer.handleRequest (/home/pankaj/Krikal projects/take-care-server/node_modules/router/lib/layer.js:152:17)
2025-10-14T06:18:44.695Z [error]: Error: Failed to authenticate token, Invalid token
    at /home/pankaj/Krikal projects/take-care-server/src/services/verifyToken.service.ts:42:23
    at /home/pankaj/Krikal projects/take-care-server/node_modules/jsonwebtoken/verify.js:171:14
    at getSecret (/home/pankaj/Krikal projects/take-care-server/node_modules/jsonwebtoken/verify.js:97:14)
    at Object.module.exports [as verify] (/home/pankaj/Krikal projects/take-care-server/node_modules/jsonwebtoken/verify.js:101:10)
    at verifyTokenHandler (/home/pankaj/Krikal projects/take-care-server/src/services/verifyToken.service.ts:40:9)
    at Layer.handleRequest (/home/pankaj/Krikal projects/take-care-server/node_modules/router/lib/layer.js:152:17)
    at next (/home/pankaj/Krikal projects/take-care-server/node_modules/router/lib/route.js:157:13)
    at Route.dispatch (/home/pankaj/Krikal projects/take-care-server/node_modules/router/lib/route.js:117:3)
    at handle (/home/pankaj/Krikal projects/take-care-server/node_modules/router/index.js:435:11)
    at Layer.handleRequest (/home/pankaj/Krikal projects/take-care-server/node_modules/router/lib/layer.js:152:17)
2025-10-14T06:19:12.542Z [error]: Error: Failed to authenticate token, Invalid token
    at /home/pankaj/Krikal projects/take-care-server/src/services/verifyToken.service.ts:42:23
    at /home/pankaj/Krikal projects/take-care-server/node_modules/jsonwebtoken/verify.js:171:14
    at getSecret (/home/pankaj/Krikal projects/take-care-server/node_modules/jsonwebtoken/verify.js:97:14)
    at Object.module.exports [as verify] (/home/pankaj/Krikal projects/take-care-server/node_modules/jsonwebtoken/verify.js:101:10)
    at verifyTokenHandler (/home/pankaj/Krikal projects/take-care-server/src/services/verifyToken.service.ts:40:9)
    at Layer.handleRequest (/home/pankaj/Krikal projects/take-care-server/node_modules/router/lib/layer.js:152:17)
    at next (/home/pankaj/Krikal projects/take-care-server/node_modules/router/lib/route.js:157:13)
    at Route.dispatch (/home/pankaj/Krikal projects/take-care-server/node_modules/router/lib/route.js:117:3)
    at handle (/home/pankaj/Krikal projects/take-care-server/node_modules/router/index.js:435:11)
    at Layer.handleRequest (/home/pankaj/Krikal projects/take-care-server/node_modules/router/lib/layer.js:152:17)
2025-10-14T06:27:07.567Z [error]: Error: Failed to authenticate token, Invalid token
    at /home/pankaj/Krikal projects/take-care-server/src/services/verifyToken.service.ts:45:23
    at /home/pankaj/Krikal projects/take-care-server/node_modules/jsonwebtoken/verify.js:171:14
    at getSecret (/home/pankaj/Krikal projects/take-care-server/node_modules/jsonwebtoken/verify.js:97:14)
    at Object.module.exports [as verify] (/home/pankaj/Krikal projects/take-care-server/node_modules/jsonwebtoken/verify.js:101:10)
    at verifyTokenHandler (/home/pankaj/Krikal projects/take-care-server/src/services/verifyToken.service.ts:43:9)
    at Layer.handleRequest (/home/pankaj/Krikal projects/take-care-server/node_modules/router/lib/layer.js:152:17)
    at next (/home/pankaj/Krikal projects/take-care-server/node_modules/router/lib/route.js:157:13)
    at Route.dispatch (/home/pankaj/Krikal projects/take-care-server/node_modules/router/lib/route.js:117:3)
    at handle (/home/pankaj/Krikal projects/take-care-server/node_modules/router/index.js:435:11)
    at Layer.handleRequest (/home/pankaj/Krikal projects/take-care-server/node_modules/router/lib/layer.js:152:17)
2025-10-14T06:30:39.938Z [error]: Error: Failed to authenticate token, Invalid token
    at /home/pankaj/Krikal projects/take-care-server/src/services/verifyToken.service.ts:45:23
    at /home/pankaj/Krikal projects/take-care-server/node_modules/jsonwebtoken/verify.js:171:14
    at getSecret (/home/pankaj/Krikal projects/take-care-server/node_modules/jsonwebtoken/verify.js:97:14)
    at Object.module.exports [as verify] (/home/pankaj/Krikal projects/take-care-server/node_modules/jsonwebtoken/verify.js:101:10)
    at verifyTokenHandler (/home/pankaj/Krikal projects/take-care-server/src/services/verifyToken.service.ts:43:9)
    at Layer.handleRequest (/home/pankaj/Krikal projects/take-care-server/node_modules/router/lib/layer.js:152:17)
    at next (/home/pankaj/Krikal projects/take-care-server/node_modules/router/lib/route.js:157:13)
    at Route.dispatch (/home/pankaj/Krikal projects/take-care-server/node_modules/router/lib/route.js:117:3)
    at handle (/home/pankaj/Krikal projects/take-care-server/node_modules/router/index.js:435:11)
    at Layer.handleRequest (/home/pankaj/Krikal projects/take-care-server/node_modules/router/lib/layer.js:152:17)
2025-10-14T06:31:20.043Z [error]: Error: Failed to authenticate token, Invalid token
    at /home/pankaj/Krikal projects/take-care-server/src/services/verifyToken.service.ts:45:23
    at /home/pankaj/Krikal projects/take-care-server/node_modules/jsonwebtoken/verify.js:171:14
    at getSecret (/home/pankaj/Krikal projects/take-care-server/node_modules/jsonwebtoken/verify.js:97:14)
    at Object.module.exports [as verify] (/home/pankaj/Krikal projects/take-care-server/node_modules/jsonwebtoken/verify.js:101:10)
    at verifyTokenHandler (/home/pankaj/Krikal projects/take-care-server/src/services/verifyToken.service.ts:43:9)
    at Layer.handleRequest (/home/pankaj/Krikal projects/take-care-server/node_modules/router/lib/layer.js:152:17)
    at next (/home/pankaj/Krikal projects/take-care-server/node_modules/router/lib/route.js:157:13)
    at Route.dispatch (/home/pankaj/Krikal projects/take-care-server/node_modules/router/lib/route.js:117:3)
    at handle (/home/pankaj/Krikal projects/take-care-server/node_modules/router/index.js:435:11)
    at Layer.handleRequest (/home/pankaj/Krikal projects/take-care-server/node_modules/router/lib/layer.js:152:17)
2025-10-14T06:36:56.135Z [error]: Error: Failed to authenticate token, Invalid token
    at /home/pankaj/Krikal projects/take-care-server/src/services/verifyToken.service.ts:45:23
    at /home/pankaj/Krikal projects/take-care-server/node_modules/jsonwebtoken/verify.js:171:14
    at getSecret (/home/pankaj/Krikal projects/take-care-server/node_modules/jsonwebtoken/verify.js:97:14)
    at Object.module.exports [as verify] (/home/pankaj/Krikal projects/take-care-server/node_modules/jsonwebtoken/verify.js:101:10)
    at verifyTokenHandler (/home/pankaj/Krikal projects/take-care-server/src/services/verifyToken.service.ts:43:9)
    at Layer.handleRequest (/home/pankaj/Krikal projects/take-care-server/node_modules/router/lib/layer.js:152:17)
    at next (/home/pankaj/Krikal projects/take-care-server/node_modules/router/lib/route.js:157:13)
    at Route.dispatch (/home/pankaj/Krikal projects/take-care-server/node_modules/router/lib/route.js:117:3)
    at handle (/home/pankaj/Krikal projects/take-care-server/node_modules/router/index.js:435:11)
    at Layer.handleRequest (/home/pankaj/Krikal projects/take-care-server/node_modules/router/lib/layer.js:152:17)
2025-10-14T06:37:52.109Z [error]: Error: Failed to authenticate token, Invalid token
    at /home/pankaj/Krikal projects/take-care-server/src/services/verifyToken.service.ts:42:23
    at /home/pankaj/Krikal projects/take-care-server/node_modules/jsonwebtoken/verify.js:171:14
    at getSecret (/home/pankaj/Krikal projects/take-care-server/node_modules/jsonwebtoken/verify.js:97:14)
    at Object.module.exports [as verify] (/home/pankaj/Krikal projects/take-care-server/node_modules/jsonwebtoken/verify.js:101:10)
    at verifyTokenHandler (/home/pankaj/Krikal projects/take-care-server/src/services/verifyToken.service.ts:40:9)
    at Layer.handleRequest (/home/pankaj/Krikal projects/take-care-server/node_modules/router/lib/layer.js:152:17)
    at next (/home/pankaj/Krikal projects/take-care-server/node_modules/router/lib/route.js:157:13)
    at Route.dispatch (/home/pankaj/Krikal projects/take-care-server/node_modules/router/lib/route.js:117:3)
    at handle (/home/pankaj/Krikal projects/take-care-server/node_modules/router/index.js:435:11)
    at Layer.handleRequest (/home/pankaj/Krikal projects/take-care-server/node_modules/router/lib/layer.js:152:17)
2025-10-14T06:38:01.120Z [error]: Error: Failed to authenticate token, Invalid token
    at /home/pankaj/Krikal projects/take-care-server/src/services/verifyToken.service.ts:42:23
    at /home/pankaj/Krikal projects/take-care-server/node_modules/jsonwebtoken/verify.js:171:14
    at getSecret (/home/pankaj/Krikal projects/take-care-server/node_modules/jsonwebtoken/verify.js:97:14)
    at Object.module.exports [as verify] (/home/pankaj/Krikal projects/take-care-server/node_modules/jsonwebtoken/verify.js:101:10)
    at verifyTokenHandler (/home/pankaj/Krikal projects/take-care-server/src/services/verifyToken.service.ts:40:9)
    at Layer.handleRequest (/home/pankaj/Krikal projects/take-care-server/node_modules/router/lib/layer.js:152:17)
    at next (/home/pankaj/Krikal projects/take-care-server/node_modules/router/lib/route.js:157:13)
    at Route.dispatch (/home/pankaj/Krikal projects/take-care-server/node_modules/router/lib/route.js:117:3)
    at handle (/home/pankaj/Krikal projects/take-care-server/node_modules/router/index.js:435:11)
    at Layer.handleRequest (/home/pankaj/Krikal projects/take-care-server/node_modules/router/lib/layer.js:152:17)
2025-10-14T06:38:29.001Z [error]: Error: Failed to authenticate token, Invalid token
    at /home/pankaj/Krikal projects/take-care-server/src/services/verifyToken.service.ts:45:23
    at /home/pankaj/Krikal projects/take-care-server/node_modules/jsonwebtoken/verify.js:171:14
    at getSecret (/home/pankaj/Krikal projects/take-care-server/node_modules/jsonwebtoken/verify.js:97:14)
    at Object.module.exports [as verify] (/home/pankaj/Krikal projects/take-care-server/node_modules/jsonwebtoken/verify.js:101:10)
    at verifyTokenHandler (/home/pankaj/Krikal projects/take-care-server/src/services/verifyToken.service.ts:40:9)
    at Layer.handleRequest (/home/pankaj/Krikal projects/take-care-server/node_modules/router/lib/layer.js:152:17)
    at next (/home/pankaj/Krikal projects/take-care-server/node_modules/router/lib/route.js:157:13)
    at Route.dispatch (/home/pankaj/Krikal projects/take-care-server/node_modules/router/lib/route.js:117:3)
    at handle (/home/pankaj/Krikal projects/take-care-server/node_modules/router/index.js:435:11)
    at Layer.handleRequest (/home/pankaj/Krikal projects/take-care-server/node_modules/router/lib/layer.js:152:17)
2025-10-14T06:40:19.361Z [error]: Error: Failed to authenticate token, Invalid token
    at /home/pankaj/Krikal projects/take-care-server/src/services/verifyToken.service.ts:45:23
    at /home/pankaj/Krikal projects/take-care-server/node_modules/jsonwebtoken/verify.js:171:14
    at getSecret (/home/pankaj/Krikal projects/take-care-server/node_modules/jsonwebtoken/verify.js:97:14)
    at Object.module.exports [as verify] (/home/pankaj/Krikal projects/take-care-server/node_modules/jsonwebtoken/verify.js:101:10)
    at verifyTokenHandler (/home/pankaj/Krikal projects/take-care-server/src/services/verifyToken.service.ts:40:9)
    at Layer.handleRequest (/home/pankaj/Krikal projects/take-care-server/node_modules/router/lib/layer.js:152:17)
    at next (/home/pankaj/Krikal projects/take-care-server/node_modules/router/lib/route.js:157:13)
    at Route.dispatch (/home/pankaj/Krikal projects/take-care-server/node_modules/router/lib/route.js:117:3)
    at handle (/home/pankaj/Krikal projects/take-care-server/node_modules/router/index.js:435:11)
    at Layer.handleRequest (/home/pankaj/Krikal projects/take-care-server/node_modules/router/lib/layer.js:152:17)
2025-10-14T06:46:23.568Z [error]: Error: Failed to authenticate token, Invalid token
    at /home/pankaj/Krikal projects/take-care-server/src/services/verifyToken.service.ts:45:23
    at /home/pankaj/Krikal projects/take-care-server/node_modules/jsonwebtoken/verify.js:171:14
    at getSecret (/home/pankaj/Krikal projects/take-care-server/node_modules/jsonwebtoken/verify.js:97:14)
    at Object.module.exports [as verify] (/home/pankaj/Krikal projects/take-care-server/node_modules/jsonwebtoken/verify.js:101:10)
    at verifyTokenHandler (/home/pankaj/Krikal projects/take-care-server/src/services/verifyToken.service.ts:40:9)
    at Layer.handleRequest (/home/pankaj/Krikal projects/take-care-server/node_modules/router/lib/layer.js:152:17)
    at next (/home/pankaj/Krikal projects/take-care-server/node_modules/router/lib/route.js:157:13)
    at Route.dispatch (/home/pankaj/Krikal projects/take-care-server/node_modules/router/lib/route.js:117:3)
    at handle (/home/pankaj/Krikal projects/take-care-server/node_modules/router/index.js:435:11)
    at Layer.handleRequest (/home/pankaj/Krikal projects/take-care-server/node_modules/router/lib/layer.js:152:17)
